# JRE version: Java(TM) SE Runtime Environment (8.0_77-b03) (build 1.8.0_77-b03)
# Java VM: Java HotSpot(TM) 64-Bit Server VM (25.77-b03 mixed mode windows-amd64 compressed oops)
Heap:
 PSYoungGen      total 214528K, used 50176K [0x000000076b180000, 0x0000000779280000, 0x00000007c0000000)
  eden space 203776K, 24% used [0x000000076b180000,0x000000076e280200,0x0000000777880000)
  from space 10752K, 0% used [0x0000000778300000,0x0000000778300000,0x0000000778d80000)
  to   space 10752K, 0% used [0x0000000777880000,0x0000000777880000,0x0000000778300000)
 ParOldGen       total 165888K, used 19826K [0x00000006c1400000, 0x00000006cb600000, 0x000000076b180000)
  object space 165888K, 11% used [0x00000006c1400000,0x00000006c275c890,0x00000006cb600000)
 Metaspace       used 38923K, capacity 40614K, committed 40744K, reserved 1085440K
  class space    used 5041K, capacity 5388K, committed 5416K, reserved 1048576K
GC Heap History (10 events):
Event: 2.769 GC heap before
{Heap before GC invocations=2 (full 0):
 PSYoungGen      total 76288K, used 41870K [0x000000076b180000, 0x0000000774680000, 0x00000007c0000000)
  eden space 65536K, 49% used [0x000000076b180000,0x000000076d1272f0,0x000000076f180000)
  from space 10752K, 87% used [0x000000076f180000,0x000000076fabc850,0x000000076fc00000)
  to   space 10752K, 0% used [0x0000000773c00000,0x0000000773c00000,0x0000000774680000)
 ParOldGen       total 175104K, used 16K [0x00000006c1400000, 0x00000006cbf00000, 0x000000076b180000)
  object space 175104K, 0% used [0x00000006c1400000,0x00000006c14040d8,0x00000006cbf00000)
 Metaspace       used 20650K, capacity 21232K, committed 21296K, reserved 1067008K
  class space    used 2726K, capacity 2880K, committed 2944K, reserved 1048576K
Event: 2.781 GC heap after
Heap after GC invocations=2 (full 0):
 PSYoungGen      total 141824K, used 9044K [0x000000076b180000, 0x0000000774680000, 0x00000007c0000000)
  eden space 131072K, 0% used [0x000000076b180000,0x000000076b180000,0x0000000773180000)
  from space 10752K, 84% used [0x0000000773c00000,0x00000007744d52f8,0x0000000774680000)
  to   space 10752K, 0% used [0x0000000773180000,0x0000000773180000,0x0000000773c00000)
 ParOldGen       total 175104K, used 24K [0x00000006c1400000, 0x00000006cbf00000, 0x000000076b180000)
  object space 175104K, 0% used [0x00000006c1400000,0x00000006c14060d8,0x00000006cbf00000)
 Metaspace       used 20650K, capacity 21232K, committed 21296K, reserved 1067008K
  class space    used 2726K, capacity 2880K, committed 2944K, reserved 1048576K
}
Event: 2.781 GC heap before
{Heap before GC invocations=3 (full 1):
 PSYoungGen      total 141824K, used 9044K [0x000000076b180000, 0x0000000774680000, 0x00000007c0000000)
  eden space 131072K, 0% used [0x000000076b180000,0x000000076b180000,0x0000000773180000)
  from space 10752K, 84% used [0x0000000773c00000,0x00000007744d52f8,0x0000000774680000)
  to   space 10752K, 0% used [0x0000000773180000,0x0000000773180000,0x0000000773c00000)
 ParOldGen       total 175104K, used 24K [0x00000006c1400000, 0x00000006cbf00000, 0x000000076b180000)
  object space 175104K, 0% used [0x00000006c1400000,0x00000006c14060d8,0x00000006cbf00000)
 Metaspace       used 20650K, capacity 21232K, committed 21296K, reserved 1067008K
  class space    used 2726K, capacity 2880K, committed 2944K, reserved 1048576K
Event: 2.826 GC heap after
Heap after GC invocations=3 (full 1):
 PSYoungGen      total 141824K, used 0K [0x000000076b180000, 0x0000000774680000, 0x00000007c0000000)
  eden space 131072K, 0% used [0x000000076b180000,0x000000076b180000,0x0000000773180000)
  from space 10752K, 0% used [0x0000000773c00000,0x0000000773c00000,0x0000000774680000)
  to   space 10752K, 0% used [0x0000000773180000,0x0000000773180000,0x0000000773c00000)
 ParOldGen       total 100864K, used 8682K [0x00000006c1400000, 0x00000006c7680000, 0x000000076b180000)
  object space 100864K, 8% used [0x00000006c1400000,0x00000006c1c7a950,0x00000006c7680000)
 Metaspace       used 20649K, capacity 21226K, committed 21296K, reserved 1067008K
  class space    used 2726K, capacity 2879K, committed 2944K, reserved 1048576K
}
Event: 4.594 GC heap before
{Heap before GC invocations=4 (full 1):
 PSYoungGen      total 141824K, used 131072K [0x000000076b180000, 0x0000000774680000, 0x00000007c0000000)
  eden space 131072K, 100% used [0x000000076b180000,0x0000000773180000,0x0000000773180000)
  from space 10752K, 0% used [0x0000000773c00000,0x0000000773c00000,0x0000000774680000)
  to   space 10752K, 0% used [0x0000000773180000,0x0000000773180000,0x0000000773c00000)
 ParOldGen       total 100864K, used 8683K [0x00000006c1400000, 0x00000006c7680000, 0x000000076b180000)
  object space 100864K, 8% used [0x00000006c1400000,0x00000006c1c7add8,0x00000006c7680000)
 Metaspace       used 31130K, capacity 32538K, committed 32896K, reserved 1077248K
  class space    used 4090K, capacity 4377K, committed 4480K, reserved 1048576K
Event: 4.616 GC heap after
Heap after GC invocations=4 (full 1):
 PSYoungGen      total 141824K, used 10724K [0x000000076b180000, 0x0000000778d80000, 0x00000007c0000000)
  eden space 131072K, 0% used [0x000000076b180000,0x000000076b180000,0x0000000773180000)
  from space 10752K, 99% used [0x0000000773180000,0x0000000773bf91e0,0x0000000773c00000)
  to   space 10752K, 0% used [0x0000000778300000,0x0000000778300000,0x0000000778d80000)
 ParOldGen       total 100864K, used 16927K [0x00000006c1400000, 0x00000006c7680000, 0x000000076b180000)
  object space 100864K, 16% used [0x00000006c1400000,0x00000006c2487ff0,0x00000006c7680000)
 Metaspace       used 31130K, capacity 32538K, committed 32896K, reserved 1077248K
  class space    used 4090K, capacity 4377K, committed 4480K, reserved 1048576K
}
Event: 5.128 GC heap before
{Heap before GC invocations=5 (full 1):
 PSYoungGen      total 141824K, used 60110K [0x000000076b180000, 0x0000000778d80000, 0x00000007c0000000)
  eden space 131072K, 37% used [0x000000076b180000,0x000000076e1ba6a8,0x0000000773180000)
  from space 10752K, 99% used [0x0000000773180000,0x0000000773bf91e0,0x0000000773c00000)
  to   space 10752K, 0% used [0x0000000778300000,0x0000000778300000,0x0000000778d80000)
 ParOldGen       total 100864K, used 16927K [0x00000006c1400000, 0x00000006c7680000, 0x000000076b180000)
  object space 100864K, 16% used [0x00000006c1400000,0x00000006c2487ff0,0x00000006c7680000)
 Metaspace       used 33772K, capacity 35444K, committed 35496K, reserved 1079296K
  class space    used 4430K, capacity 4748K, committed 4776K, reserved 1048576K
Event: 5.146 GC heap after
Heap after GC invocations=5 (full 1):
 PSYoungGen      total 214528K, used 10727K [0x000000076b180000, 0x0000000779280000, 0x00000007c0000000)
  eden space 203776K, 0% used [0x000000076b180000,0x000000076b180000,0x0000000777880000)
  from space 10752K, 99% used [0x0000000778300000,0x0000000778d79f40,0x0000000778d80000)
  to   space 10752K, 0% used [0x0000000777880000,0x0000000777880000,0x0000000778300000)
 ParOldGen       total 100864K, used 20781K [0x00000006c1400000, 0x00000006c7680000, 0x000000076b180000)
  object space 100864K, 20% used [0x00000006c1400000,0x00000006c284b4c8,0x00000006c7680000)
 Metaspace       used 33772K, capacity 35444K, committed 35496K, reserved 1079296K
  class space    used 4430K, capacity 4748K, committed 4776K, reserved 1048576K
}
Event: 5.146 GC heap before
{Heap before GC invocations=6 (full 2):
 PSYoungGen      total 214528K, used 10727K [0x000000076b180000, 0x0000000779280000, 0x00000007c0000000)
  eden space 203776K, 0% used [0x000000076b180000,0x000000076b180000,0x0000000777880000)
  from space 10752K, 99% used [0x0000000778300000,0x0000000778d79f40,0x0000000778d80000)
  to   space 10752K, 0% used [0x0000000777880000,0x0000000777880000,0x0000000778300000)
 ParOldGen       total 100864K, used 20781K [0x00000006c1400000, 0x00000006c7680000, 0x000000076b180000)
  object space 100864K, 20% used [0x00000006c1400000,0x00000006c284b4c8,0x00000006c7680000)
 Metaspace       used 33772K, capacity 35444K, committed 35496K, reserved 1079296K
  class space    used 4430K, capacity 4748K, committed 4776K, reserved 1048576K
Event: 5.216 GC heap after
Heap after GC invocations=6 (full 2):
 PSYoungGen      total 214528K, used 0K [0x000000076b180000, 0x0000000779280000, 0x00000007c0000000)
  eden space 203776K, 0% used [0x000000076b180000,0x000000076b180000,0x0000000777880000)
  from space 10752K, 0% used [0x0000000778300000,0x0000000778300000,0x0000000778d80000)
  to   space 10752K, 0% used [0x0000000777880000,0x0000000777880000,0x0000000778300000)
 ParOldGen       total 165888K, used 19826K [0x00000006c1400000, 0x00000006cb600000, 0x000000076b180000)
  object space 165888K, 11% used [0x00000006c1400000,0x00000006c275c890,0x00000006cb600000)
 Metaspace       used 33772K, capacity 35444K, committed 35496K, reserved 1079296K
  class space    used 4430K, capacity 4748K, committed 4776K, reserved 1048576K
}

